<?xml version="1.0" encoding="UTF-8"?>
<testsuite name="com.github.evchumichev.calculator.service.EvaluationServiceTest" tests="4" skipped="0" failures="0" errors="0" timestamp="2019-07-18T14:10:28" hostname="eugene-P85-D3" time="0.002">
  <properties/>
  <testcase name="shouldCorrectlyMultiplyTwoNumbers" classname="com.github.evchumichev.calculator.service.EvaluationServiceTest" time="0.0"/>
  <testcase name="shouldCorrectlyDifferenceTwoNumbers" classname="com.github.evchumichev.calculator.service.EvaluationServiceTest" time="0.001"/>
  <testcase name="shouldCorrectlySumTwoNumbers" classname="com.github.evchumichev.calculator.service.EvaluationServiceTest" time="0.0"/>
  <testcase name="shouldCorrectlyDivisionTwoNumbers" classname="com.github.evchumichev.calculator.service.EvaluationServiceTest" time="0.001"/>
  <system-out><![CDATA[]]></system-out>
  <system-err><![CDATA[]]></system-err>
</testsuite>
